#-----------------------------------------------------------
# Vivado v2019.1 (64-bit)
# SW Build 2552052 on Fri May 24 14:49:42 MDT 2019
# IP Build 2548770 on Fri May 24 18:01:18 MDT 2019
# Start of session at: Wed Apr 20 16:29:08 2022
# Process ID: 2548
# Current directory: C:/Users/smn90/Desktop/Ultrasonic/Vivado Project/UltraSonic_design
# Command line: vivado.exe -gui_launcher_event rodinguilauncherevent14120 C:\Users\smn90\Desktop\Ultrasonic\Vivado Project\UltraSonic_design\UltraSonic_design.xpr
# Log file: C:/Users/smn90/Desktop/Ultrasonic/Vivado Project/UltraSonic_design/vivado.log
# Journal file: C:/Users/smn90/Desktop/Ultrasonic/Vivado Project/UltraSonic_design\vivado.jou
#-----------------------------------------------------------
start_gui
open_project {C:/Users/smn90/Desktop/Ultrasonic/Vivado Project/UltraSonic_design/UltraSonic_design.xpr}
SScanning sources...Finished scanning sources
INFO: [IP_Flow 19-234] Refreshing IP repositories
INFO: [IP_Flow 19-1704] No user IP repositories specified
IINFO: [IP_Flow 19-2313] Loaded Vivado IP repository 'C:/Xilinx/Vivado/2019.1/data/ip'.open_project: Time (s): cpu = 00:00:18 ; elapsed = 00:00:07 . Memory (MB): peak = 698.785 ; gain = 65.195
uupdate_compile_order -fileset sources_1eopen_run impl_1
INFO: [Device 21-403] Loading part xc7z020clg400-3
INFO: [Netlist 29-17] Analyzing 14 Unisim elements for replacement
INFO: [Netlist 29-28] Unisim Transformation completed in 0 CPU seconds
INFO: [Project 1-479] Netlist was created with Vivado 2019.1
INFO: [Project 1-570] Preparing netlist for logic optimization
INFO: [Timing 38-478] Restoring timing data from binary archive.
INFO: [Timing 38-479] Binary timing data restore complete.
INFO: [Project 1-856] Restoring constraints from binary archive.
INFO: [Project 1-853] Binary constraint restore complete.
Reading XDEF placement.
Reading placer database...
Reading XDEF routing.
Read XDEF File: Time (s): cpu = 00:00:00 ; elapsed = 00:00:00.064 . Memory (MB): peak = 1671.691 ; gain = 0.000
Restored from archive | CPU: 0.000000 secs | Memory: 0.000000 MB |
Finished XDEF File Restore: Time (s): cpu = 00:00:00 ; elapsed = 00:00:00.065 . Memory (MB): peak = 1671.691 ; gain = 0.000
Netlist sorting complete. Time (s): cpu = 00:00:00 ; elapsed = 00:00:00 . Memory (MB): peak = 1671.691 ; gain = 0.000
INFO: [Project 1-111] Unisim Transformation Summary:
No Unisim elements were transformed.

open_run: Time (s): cpu = 00:00:25 ; elapsed = 00:00:20 . Memory (MB): peak = 1827.203 ; gain = 1083.871
startgroup
set_property package_pin "" [get_ports [list  {seg_duan[0]}]]
place_ports {seg_duan[6]} R16
endgroup
startgroup
set_property package_pin "" [get_ports [list  {seg_duan[1]}]]
place_ports {seg_duan[5]} T15
endgroup
startgroup
set_property package_pin "" [get_ports [list  {seg_duan[2]}]]
place_ports {seg_duan[4]} T16
endgroup
place_ports {seg_duan[2]} U17
place_ports {seg_duan[1]} U20
place_ports {seg_duan[0]} P19
startgroup
set_property package_pin "" [get_ports [list  {seg_sel[1]}]]
place_ports {seg_sel[2]} V20
endgroup
place_ports {seg_sel[1]} N18
place_ports {seg_sel[0]} R17
save_constraints -force
reset_run synth_1
launch_runs impl_1 -to_step write_bitstream -jobs 12
[Wed Apr 20 16:59:33 2022] Launched synth_1...
Run output will be captured here: C:/Users/smn90/Desktop/Ultrasonic/Vivado Project/UltraSonic_design/UltraSonic_design.runs/synth_1/runme.log
[Wed Apr 20 16:59:33 2022] Launched impl_1...
Run output will be captured here: C:/Users/smn90/Desktop/Ultrasonic/Vivado Project/UltraSonic_design/UltraSonic_design.runs/impl_1/runme.log
refresh_design
INFO: [Netlist 29-17] Analyzing 14 Unisim elements for replacement
INFO: [Netlist 29-28] Unisim Transformation completed in 0 CPU seconds
INFO: [Project 1-479] Netlist was created with Vivado 2019.1
INFO: [Project 1-570] Preparing netlist for logic optimization
INFO: [Timing 38-478] Restoring timing data from binary archive.
INFO: [Timing 38-479] Binary timing data restore complete.
INFO: [Project 1-856] Restoring constraints from binary archive.
INFO: [Project 1-853] Binary constraint restore complete.
Reading XDEF placement.
Reading placer database...
Reading XDEF routing.
Read XDEF File: Time (s): cpu = 00:00:00 ; elapsed = 00:00:00.058 . Memory (MB): peak = 1832.426 ; gain = 0.000
Restored from archive | CPU: 0.000000 secs | Memory: 0.000000 MB |
Finished XDEF File Restore: Time (s): cpu = 00:00:00 ; elapsed = 00:00:00.058 . Memory (MB): peak = 1832.426 ; gain = 0.000
open_hw
connect_hw_server
INFO: [Labtools 27-2285] Connecting to hw_server url TCP:localhost:3121
INFO: [Labtools 27-2222] Launching hw_server...
INFO: [Labtools 27-2221] Launch Output:

****** Xilinx hw_server v2019.1
  **** Build date : May 24 2019 at 15:13:31
    ** Copyright 1986-2019 Xilinx, Inc. All Rights Reserved.


open_hw_target
INFO: [Labtoolstcl 44-466] Opening hw_target localhost:3121/xilinx_tcf/Digilent/210203367162A
open_hw_target: Time (s): cpu = 00:00:04 ; elapsed = 00:00:06 . Memory (MB): peak = 3097.680 ; gain = 1107.695
set_property PROGRAM.FILE {C:/Users/smn90/Desktop/Ultrasonic/Vivado Project/UltraSonic_design/UltraSonic_design.runs/impl_1/top_Ranging.bit} [get_hw_devices xc7z020_1]
current_hw_device [get_hw_devices xc7z020_1]
refresh_hw_device -update_hw_probes false [lindex [get_hw_devices xc7z020_1] 0]
INFO: [Labtools 27-1435] Device xc7z020 (JTAG device index = 1) is not programmed (DONE status = 0).
set_property PROBES.FILE {} [get_hw_devices xc7z020_1]
set_property FULL_PROBES.FILE {} [get_hw_devices xc7z020_1]
set_property PROGRAM.FILE {C:/Users/smn90/Desktop/Ultrasonic/Vivado Project/UltraSonic_design/UltraSonic_design.runs/impl_1/top_Ranging.bit} [get_hw_devices xc7z020_1]
program_hw_devices [get_hw_devices xc7z020_1]
INFO: [Labtools 27-3164] End of startup status: HIGH
refresh_hw_device [lindex [get_hw_devices xc7z020_1] 0]
INFO: [Labtools 27-1434] Device xc7z020 (JTAG device index = 1) is programmed with a design that has no supported debug core(s) in it.
ERROR: [Labtoolstcl 44-513] HW Target shutdown. Closing target: localhost:3121/xilinx_tcf/Digilent/210203367162A
exit
INFO: [Common 17-206] Exiting Vivado at Wed Apr 20 17:08:27 2022...
