#-----------------------------------------------------------
# Vivado v2019.1 (64-bit)
# SW Build 2552052 on Fri May 24 14:49:42 MDT 2019
# IP Build 2548770 on Fri May 24 18:01:18 MDT 2019
# Start of session at: Tue Apr 12 16:24:05 2022
# Process ID: 1920
# Current directory: C:/Users/smn90/Desktop/Ultrasonic/Vivado Project/UltraSonic_design
# Command line: vivado.exe -gui_launcher_event rodinguilauncherevent2484 C:\Users\smn90\Desktop\Ultrasonic\Vivado Project\UltraSonic_design\UltraSonic_design.xpr
# Log file: C:/Users/smn90/Desktop/Ultrasonic/Vivado Project/UltraSonic_design/vivado.log
# Journal file: C:/Users/smn90/Desktop/Ultrasonic/Vivado Project/UltraSonic_design\vivado.jou
#-----------------------------------------------------------
start_gui
open_project {C:/Users/smn90/Desktop/Ultrasonic/Vivado Project/UltraSonic_design/UltraSonic_design.xpr}
INFO: [Project 1-313] Project file moved from 'C:/Users/smn90/UltraSonic_design' since last save.
WARNING: [Project 1-312] File not found as 'C:/Users/smn90/Desktop/Ultrasonic/Vivado Project/Desktop/Ultrasonic/RTL/module_display.v'; using path 'C:/Users/smn90/Desktop/Ultrasonic/RTL/module_display.v' instead.
WARNING: [Project 1-312] File not found as 'C:/Users/smn90/Desktop/Ultrasonic/Vivado Project/Desktop/Ultrasonic/RTL/module_measure.v'; using path 'C:/Users/smn90/Desktop/Ultrasonic/RTL/module_measure.v' instead.
WARNING: [Project 1-312] File not found as 'C:/Users/smn90/Desktop/Ultrasonic/Vivado Project/Desktop/Ultrasonic/RTL/module_top.v'; using path 'C:/Users/smn90/Desktop/Ultrasonic/RTL/module_top.v' instead.
Scanning sources...
Finished scanning sources
INFO: [IP_Flow 19-234] Refreshing IP repositories
INFO: [IP_Flow 19-1704] No user IP repositories specified
INFO: [IP_Flow 19-2313] Loaded Vivado IP repository 'C:/Xilinx/Vivado/2019.1/data/ip'.
open_project: Time (s): cpu = 00:00:14 ; elapsed = 00:00:06 . Memory (MB): peak = 673.277 ; gain = 45.043
update_compile_order -fileset sources_1
exit
INFO: [Common 17-206] Exiting Vivado at Tue Apr 12 16:25:56 2022...
