#-----------------------------------------------------------
# Vivado v2019.1 (64-bit)
# SW Build 2552052 on Fri May 24 14:49:42 MDT 2019
# IP Build 2548770 on Fri May 24 18:01:18 MDT 2019
# Start of session at: Wed Jun 22 13:04:06 2022
# Process ID: 4924
# Current directory: C:/Users/smn90/Desktop/毕设/v1.1/Vivado/Ultrasonicv2.0
# Command line: vivado.exe -gui_launcher_event rodinguilauncherevent14888 C:\Users\smn90\Desktop\毕设\v1.1\Vivado\Ultrasonicv2.0\Ultrasonicv2.0.xpr
# Log file: C:/Users/smn90/Desktop/毕设/v1.1/Vivado/Ultrasonicv2.0/vivado.log
# Journal file: C:/Users/smn90/Desktop/毕设/v1.1/Vivado/Ultrasonicv2.0\vivado.jou
#-----------------------------------------------------------
start_gui
open_project C:/Users/smn90/Desktop/毕设/v1.1/Vivado/Ultrasonicv2.0/Ultrasonicv2.0.xpr
INFO: [Project 1-313] Project file moved from 'C:/Users/smn90/Desktop/v1.1/Vivado/Ultrasonicv2.0' since last save.
Scanning sources...
Finished scanning sources
INFO: [IP_Flow 19-234] Refreshing IP repositories
INFO: [IP_Flow 19-1704] No user IP repositories specified
INFO: [IP_Flow 19-2313] Loaded Vivado IP repository 'C:/Xilinx/Vivado/2019.1/data/ip'.
open_project: Time (s): cpu = 00:00:14 ; elapsed = 00:00:08 . Memory (MB): peak = 738.848 ; gain = 90.016
update_compile_order -fileset sources_1
open_hw
connect_hw_server
INFO: [Labtools 27-2285] Connecting to hw_server url TCP:localhost:3121
INFO: [Labtools 27-2222] Launching hw_server...
INFO: [Labtools 27-2221] Launch Output:

****** Xilinx hw_server v2019.1
  **** Build date : May 24 2019 at 15:13:31
    ** Copyright 1986-2019 Xilinx, Inc. All Rights Reserved.


open_hw_target
INFO: [Labtoolstcl 44-466] Opening hw_target localhost:3121/xilinx_tcf/Xilinx/XFL1FUJ3OQE0A
open_hw_target: Time (s): cpu = 00:00:04 ; elapsed = 00:00:07 . Memory (MB): peak = 1915.098 ; gain = 1089.090
current_hw_device [get_hw_devices arm_dap_1]
refresh_hw_device -update_hw_probes false [lindex [get_hw_devices arm_dap_1] 0]
current_hw_device [get_hw_devices Unknown_Device_0]
ERROR: [Labtoolstcl 44-513] HW Target shutdown. Closing target: localhost:3121/xilinx_tcf/Xilinx/XFL1FUJ3OQE0A
exit
INFO: [Common 17-206] Exiting Vivado at Wed Jun 22 13:07:16 2022...
