#-----------------------------------------------------------
# Vivado v2019.1 (64-bit)
# SW Build 2552052 on Fri May 24 14:49:42 MDT 2019
# IP Build 2548770 on Fri May 24 18:01:18 MDT 2019
# Start of session at: Sat Apr 16 16:17:24 2022
# Process ID: 7864
# Current directory: C:/Users/smn90/Desktop/Ultrasonic/v1.1/Vivado/Ultrasonicv2.0
# Command line: vivado.exe -gui_launcher_event rodinguilauncherevent2092 C:\Users\smn90\Desktop\Ultrasonic\v1.1\Vivado\Ultrasonicv2.0\Ultrasonicv2.0.xpr
# Log file: C:/Users/smn90/Desktop/Ultrasonic/v1.1/Vivado/Ultrasonicv2.0/vivado.log
# Journal file: C:/Users/smn90/Desktop/Ultrasonic/v1.1/Vivado/Ultrasonicv2.0\vivado.jou
#-----------------------------------------------------------
start_gui
open_project C:/Users/smn90/Desktop/Ultrasonic/v1.1/Vivado/Ultrasonicv2.0/Ultrasonicv2.0.xpr
Scanning sources...
Finished scanning sources
INFO: [IP_Flow 19-234] Refreshing IP repositories
INFO: [IP_Flow 19-1704] No user IP repositories specified
INFO: [IP_Flow 19-2313] Loaded Vivado IP repository 'C:/Xilinx/Vivado/2019.1/data/ip'.
update_compile_order -fileset sources_1
synth_design -rtl -name rtl_1
Command: synth_design -rtl -name rtl_1
Starting synth_design
Using part: xc7z020clg400-3
Top: top_wave
INFO: [Device 21-403] Loading part xc7z020clg400-3
WARNING: [Synth 8-2292] literal value truncated to fit in 18 bits [C:/Users/smn90/Desktop/Ultrasonic/v1.1/RTL/display.v:12]
---------------------------------------------------------------------------------
Starting RTL Elaboration : Time (s): cpu = 00:00:03 ; elapsed = 00:00:03 . Memory (MB): peak = 1163.738 ; gain = 116.406
---------------------------------------------------------------------------------
INFO: [Synth 8-6157] synthesizing module 'top_wave' [C:/Users/smn90/Desktop/Ultrasonic/v1.1/RTL/top_wave.v:1]
INFO: [Synth 8-6157] synthesizing module 'measurement' [C:/Users/smn90/Desktop/Ultrasonic/v1.1/RTL/measurement.v:1]
INFO: [Synth 8-6155] done synthesizing module 'measurement' (1#1) [C:/Users/smn90/Desktop/Ultrasonic/v1.1/RTL/measurement.v:1]
INFO: [Synth 8-6157] synthesizing module 'xianshi' [C:/Users/smn90/Desktop/Ultrasonic/v1.1/RTL/display.v:1]
	Parameter AB bound to: 18'b001001001111100000 
INFO: [Synth 8-6155] done synthesizing module 'xianshi' (2#1) [C:/Users/smn90/Desktop/Ultrasonic/v1.1/RTL/display.v:1]
INFO: [Synth 8-6157] synthesizing module 'clk_wiz_0' [C:/Users/smn90/Desktop/Ultrasonic/v1.1/Vivado/Ultrasonicv2.0/.Xil/Vivado-7864-Mongoose_Razer/realtime/clk_wiz_0_stub.v:5]
INFO: [Synth 8-6155] done synthesizing module 'clk_wiz_0' (3#1) [C:/Users/smn90/Desktop/Ultrasonic/v1.1/Vivado/Ultrasonicv2.0/.Xil/Vivado-7864-Mongoose_Razer/realtime/clk_wiz_0_stub.v:5]
WARNING: [Synth 8-7023] instance 'clock' of module 'clk_wiz_0' has 4 connections declared, but only 2 given [C:/Users/smn90/Desktop/Ultrasonic/v1.1/RTL/top_wave.v:35]
INFO: [Synth 8-6155] done synthesizing module 'top_wave' (4#1) [C:/Users/smn90/Desktop/Ultrasonic/v1.1/RTL/top_wave.v:1]
---------------------------------------------------------------------------------
Finished RTL Elaboration : Time (s): cpu = 00:00:04 ; elapsed = 00:00:04 . Memory (MB): peak = 1204.523 ; gain = 157.191
---------------------------------------------------------------------------------

Report Check Netlist: 
+------+------------------+-------+---------+-------+------------------+
|      |Item              |Errors |Warnings |Status |Description       |
+------+------------------+-------+---------+-------+------------------+
|1     |multi_driven_nets |      0|        0|Passed |Multi driven nets |
+------+------------------+-------+---------+-------+------------------+
---------------------------------------------------------------------------------
Start Handling Custom Attributes
---------------------------------------------------------------------------------
---------------------------------------------------------------------------------
Finished Handling Custom Attributes : Time (s): cpu = 00:00:04 ; elapsed = 00:00:04 . Memory (MB): peak = 1204.523 ; gain = 157.191
---------------------------------------------------------------------------------
---------------------------------------------------------------------------------
Finished RTL Optimization Phase 1 : Time (s): cpu = 00:00:04 ; elapsed = 00:00:04 . Memory (MB): peak = 1204.523 ; gain = 157.191
---------------------------------------------------------------------------------
INFO: [Project 1-454] Reading design checkpoint 'c:/Users/smn90/Desktop/Ultrasonic/v1.1/Vivado/Ultrasonicv2.0/Ultrasonicv2.0.srcs/sources_1/ip/clk_wiz_0/clk_wiz_0.dcp' for cell 'clock'
INFO: [Netlist 29-17] Analyzing 1 Unisim elements for replacement
INFO: [Netlist 29-28] Unisim Transformation completed in 0 CPU seconds
INFO: [Project 1-479] Netlist was created with Vivado 2019.1
INFO: [Project 1-570] Preparing netlist for logic optimization

Processing XDC Constraints
Initializing timing engine
Parsing XDC File [c:/Users/smn90/Desktop/Ultrasonic/v1.1/Vivado/Ultrasonicv2.0/Ultrasonicv2.0.srcs/sources_1/ip/clk_wiz_0/clk_wiz_0_board.xdc] for cell 'clock/inst'
Finished Parsing XDC File [c:/Users/smn90/Desktop/Ultrasonic/v1.1/Vivado/Ultrasonicv2.0/Ultrasonicv2.0.srcs/sources_1/ip/clk_wiz_0/clk_wiz_0_board.xdc] for cell 'clock/inst'
Parsing XDC File [c:/Users/smn90/Desktop/Ultrasonic/v1.1/Vivado/Ultrasonicv2.0/Ultrasonicv2.0.srcs/sources_1/ip/clk_wiz_0/clk_wiz_0.xdc] for cell 'clock/inst'
Finished Parsing XDC File [c:/Users/smn90/Desktop/Ultrasonic/v1.1/Vivado/Ultrasonicv2.0/Ultrasonicv2.0.srcs/sources_1/ip/clk_wiz_0/clk_wiz_0.xdc] for cell 'clock/inst'
INFO: [Project 1-236] Implementation specific constraints were found while reading constraint file [c:/Users/smn90/Desktop/Ultrasonic/v1.1/Vivado/Ultrasonicv2.0/Ultrasonicv2.0.srcs/sources_1/ip/clk_wiz_0/clk_wiz_0.xdc]. These constraints will be ignored for synthesis but will be used in implementation. Impacted constraints are listed in the file [.Xil/top_wave_propImpl.xdc].
Resolution: To avoid this warning, move constraints listed in [.Xil/top_wave_propImpl.xdc] to another XDC file and exclude this new file from synthesis with the used_in_synthesis property (File Properties dialog in GUI) and re-run elaboration/synthesis.
INFO: [Timing 38-2] Deriving generated clocks
Parsing XDC File [C:/Users/smn90/Desktop/Ultrasonic/v1.1/Vivado/Ultrasonicv2.0/Ultrasonicv2.0.srcs/constrs_2/new/nnn.xdc]
Finished Parsing XDC File [C:/Users/smn90/Desktop/Ultrasonic/v1.1/Vivado/Ultrasonicv2.0/Ultrasonicv2.0.srcs/constrs_2/new/nnn.xdc]
Completed Processing XDC Constraints

INFO: [Opt 31-138] Pushed 0 inverter(s) to 0 load pin(s).
Netlist sorting complete. Time (s): cpu = 00:00:00 ; elapsed = 00:00:00 . Memory (MB): peak = 1353.754 ; gain = 0.000
INFO: [Project 1-111] Unisim Transformation Summary:
No Unisim elements were transformed.

RTL Elaboration Complete:  : Time (s): cpu = 00:00:16 ; elapsed = 00:00:08 . Memory (MB): peak = 1396.668 ; gain = 349.336
18 Infos, 2 Warnings, 0 Critical Warnings and 0 Errors encountered.
synth_design completed successfully
synth_design: Time (s): cpu = 00:00:21 ; elapsed = 00:00:14 . Memory (MB): peak = 1396.668 ; gain = 545.008
exit
INFO: [Common 17-206] Exiting Vivado at Sat Apr 16 16:21:59 2022...
